<component name="libraryTable">
  <library name="junit-4.11-SNAPSHOT-20120805-1225-src">
    <CLASSES />
    <JAVADOC />
    <SOURCES>
      <root url="jar://$USER_HOME$/Downloads/junit4.11-SNAPSHOT-20120805-1225/junit-4.11-SNAPSHOT-20120805-1225-src.jar!/" />
    </SOURCES>
  </library>
</component>